Using CATALINA_BASE:   "C:\Users\Volodymyr S\.IntelliJIdea2017.2\system\tomcat\Unnamed_xtrello_web-project_2"
Using CATALINA_HOME:   "C:\Program Files\Apache Software Foundation\apache-tomcat-9.0.0.M22"
Using CATALINA_TMPDIR: "C:\Program Files\Apache Software Foundation\apache-tomcat-9.0.0.M22\temp"
Using JRE_HOME:        "C:\Program Files\Java\jdk1.8.0_131"
Using CLASSPATH:       "C:\Program Files\Apache Software Foundation\apache-tomcat-9.0.0.M22\bin\bootstrap.jar;C:\Program Files\Apache Software Foundation\apache-tomcat-9.0.0.M22\bin\tomcat-juli.jar"
18-Aug-2017 15:10:04.532 INFO [main] org.apache.catalina.startup.VersionLoggerListener.log Server version:        Apache Tomcat/9.0.0.M22
18-Aug-2017 15:10:04.534 INFO [main] org.apache.catalina.startup.VersionLoggerListener.log Server built:          Jun 21 2017 09:44:18 UTC
18-Aug-2017 15:10:04.534 INFO [main] org.apache.catalina.startup.VersionLoggerListener.log Server number:         9.0.0.0
18-Aug-2017 15:10:04.535 INFO [main] org.apache.catalina.startup.VersionLoggerListener.log OS Name:               Windows 10
18-Aug-2017 15:10:04.535 INFO [main] org.apache.catalina.startup.VersionLoggerListener.log OS Version:            10.0
18-Aug-2017 15:10:04.535 INFO [main] org.apache.catalina.startup.VersionLoggerListener.log Architecture:          amd64
18-Aug-2017 15:10:04.535 INFO [main] org.apache.catalina.startup.VersionLoggerListener.log Java Home:             C:\Program Files\Java\jdk1.8.0_131\jre
18-Aug-2017 15:10:04.535 INFO [main] org.apache.catalina.startup.VersionLoggerListener.log JVM Version:           1.8.0_131-b11
18-Aug-2017 15:10:04.535 INFO [main] org.apache.catalina.startup.VersionLoggerListener.log JVM Vendor:            Oracle Corporation
18-Aug-2017 15:10:04.535 INFO [main] org.apache.catalina.startup.VersionLoggerListener.log CATALINA_BASE:         C:\Users\Volodymyr S\.IntelliJIdea2017.2\system\tomcat\Unnamed_xtrello_web-project_2
18-Aug-2017 15:10:04.536 INFO [main] org.apache.catalina.startup.VersionLoggerListener.log CATALINA_HOME:         C:\Program Files\Apache Software Foundation\apache-tomcat-9.0.0.M22
18-Aug-2017 15:10:04.536 INFO [main] org.apache.catalina.startup.VersionLoggerListener.log Command line argument: -Djava.util.logging.config.file=C:\Users\Volodymyr S\.IntelliJIdea2017.2\system\tomcat\Unnamed_xtrello_web-project_2\conf\logging.properties
18-Aug-2017 15:10:04.536 INFO [main] org.apache.catalina.startup.VersionLoggerListener.log Command line argument: -Djava.util.logging.manager=org.apache.juli.ClassLoaderLogManager
18-Aug-2017 15:10:04.536 INFO [main] org.apache.catalina.startup.VersionLoggerListener.log Command line argument: -Dcom.sun.management.jmxremote=
18-Aug-2017 15:10:04.537 INFO [main] org.apache.catalina.startup.VersionLoggerListener.log Command line argument: -Dcom.sun.management.jmxremote.port=1097
18-Aug-2017 15:10:04.537 INFO [main] org.apache.catalina.startup.VersionLoggerListener.log Command line argument: -Dcom.sun.management.jmxremote.ssl=false
18-Aug-2017 15:10:04.537 INFO [main] org.apache.catalina.startup.VersionLoggerListener.log Command line argument: -Dcom.sun.management.jmxremote.authenticate=false
18-Aug-2017 15:10:04.537 INFO [main] org.apache.catalina.startup.VersionLoggerListener.log Command line argument: -Djava.rmi.server.hostname=127.0.0.1
18-Aug-2017 15:10:04.537 INFO [main] org.apache.catalina.startup.VersionLoggerListener.log Command line argument: -Djdk.tls.ephemeralDHKeySize=2048
18-Aug-2017 15:10:04.538 INFO [main] org.apache.catalina.startup.VersionLoggerListener.log Command line argument: -Djava.protocol.handler.pkgs=org.apache.catalina.webresources
18-Aug-2017 15:10:04.538 INFO [main] org.apache.catalina.startup.VersionLoggerListener.log Command line argument: -Dcatalina.base=C:\Users\Volodymyr S\.IntelliJIdea2017.2\system\tomcat\Unnamed_xtrello_web-project_2
18-Aug-2017 15:10:04.538 INFO [main] org.apache.catalina.startup.VersionLoggerListener.log Command line argument: -Dcatalina.home=C:\Program Files\Apache Software Foundation\apache-tomcat-9.0.0.M22
18-Aug-2017 15:10:04.539 INFO [main] org.apache.catalina.startup.VersionLoggerListener.log Command line argument: -Djava.io.tmpdir=C:\Program Files\Apache Software Foundation\apache-tomcat-9.0.0.M22\temp
18-Aug-2017 15:10:04.539 INFO [main] org.apache.catalina.core.AprLifecycleListener.lifecycleEvent The APR based Apache Tomcat Native library which allows optimal performance in production environments was not found on the java.library.path: [C:\Program Files\Java\jdk1.8.0_131\bin;C:\WINDOWS\Sun\Java\bin;C:\WINDOWS\system32;C:\WINDOWS;C:\ProgramData\Oracle\Java\javapath;C:\WINDOWS\system32;C:\WINDOWS;C:\WINDOWS\System32\Wbem;C:\WINDOWS\System32\WindowsPowerShell\v1.0\;C:\ProgramData\chocolatey\bin;C:\Program Files\Java\jdk1.8.0_131\bin;C:\Program Files\Git\cmd;C:\Program Files\nodejs\;C:\Users\Volodymyr S\AppData\Local\Microsoft\WindowsApps;C:\bin\mysql\current\bin;C:\Users\Volodymyr S\AppData\Roaming\npm;C:\Users\Volodymyr S\AppData\Local\GitHubDesktop\bin;.]
18-Aug-2017 15:10:04.650 INFO [main] org.apache.coyote.AbstractProtocol.init Initializing ProtocolHandler ["http-nio-8080"]
18-Aug-2017 15:10:04.665 INFO [main] org.apache.tomcat.util.net.NioSelectorPool.getSharedSelector Using a shared selector for servlet write/read
18-Aug-2017 15:10:04.675 INFO [main] org.apache.coyote.AbstractProtocol.init Initializing ProtocolHandler ["ajp-nio-8009"]
18-Aug-2017 15:10:04.678 INFO [main] org.apache.tomcat.util.net.NioSelectorPool.getSharedSelector Using a shared selector for servlet write/read
18-Aug-2017 15:10:04.678 INFO [main] org.apache.catalina.startup.Catalina.load Initialization processed in 426 ms
18-Aug-2017 15:10:04.699 INFO [main] org.apache.catalina.core.StandardService.startInternal Starting service [Catalina]
18-Aug-2017 15:10:04.700 INFO [main] org.apache.catalina.core.StandardEngine.startInternal Starting Servlet Engine: Apache Tomcat/9.0.0.M22
18-Aug-2017 15:10:04.708 INFO [main] org.apache.coyote.AbstractProtocol.start Starting ProtocolHandler ["http-nio-8080"]
18-Aug-2017 15:10:04.720 INFO [main] org.apache.coyote.AbstractProtocol.start Starting ProtocolHandler ["ajp-nio-8009"]
18-Aug-2017 15:10:04.723 INFO [main] org.apache.catalina.startup.Catalina.start Server startup in 44 ms
Connected to server
18-Aug-2017 15:10:05.294 INFO [RMI TCP Connection(3)-127.0.0.1] org.apache.jasper.servlet.TldScanner.scanJars At least one JAR was scanned for TLDs yet contained no TLDs. Enable debug logging for this logger for a complete list of JARs that were scanned but no TLDs were found in them. Skipping unneeded JARs during scanning can improve startup time and JSP compilation time.
18-Aug-2017 15:10:05.972 INFO [http-nio-8080-exec-1] lms.controllers.ServletDispatcher.doGet pathInfo:	/
18-Aug-2017 15:10:05.972 INFO [http-nio-8080-exec-1] lms.controllers.ServletDispatcher.doGet pathInfo:	/
18-Aug-2017 15:10:05.983 INFO [http-nio-8080-exec-2] lms.controllers.ServletDispatcher.doGet pathInfo:	/
18-Aug-2017 15:10:05.983 INFO [http-nio-8080-exec-2] lms.controllers.ServletDispatcher.doGet pathInfo:	/
18-Aug-2017 15:10:06.209 INFO [http-nio-8080-exec-3] lms.controllers.ServletDispatcher.doGet pathInfo:	/
18-Aug-2017 15:10:06.209 INFO [http-nio-8080-exec-3] lms.controllers.ServletDispatcher.doGet pathInfo:	/
18-Aug-2017 15:10:06.546 INFO [http-nio-8080-exec-4] lms.controllers.ServletDispatcher.doGet pathInfo:	/favicon.ico
18-Aug-2017 15:10:06.546 INFO [http-nio-8080-exec-4] lms.controllers.ServletDispatcher.doGet pathInfo:	/favicon.ico
18-Aug-2017 15:10:06.559 INFO [http-nio-8080-exec-5] lms.controllers.ServletDispatcher.doGet pathInfo:	/
18-Aug-2017 15:10:06.559 INFO [http-nio-8080-exec-5] lms.controllers.ServletDispatcher.doGet pathInfo:	/
18-Aug-2017 15:10:07.952 INFO [http-nio-8080-exec-6] lms.controllers.ServletDispatcher.doPost pathInfo:	/login
18-Aug-2017 15:10:07.952 INFO [http-nio-8080-exec-6] lms.controllers.ServletDispatcher.doPost pathInfo:	/login
18-Aug-2017 15:10:08.229 INFO [http-nio-8080-exec-6] lms.dao.repository.UserRepo.findByUser В базі знайдено користувача: 	User{id=1, login='vlirm', password='123qwe', email='vlirm@yahoo.com', date_registered='2017-08-17', sex='null', date_birth='null', block=0, firstname='null', secondname='null', contry='null', city='null'}
18-Aug-2017 15:10:08.229 INFO [http-nio-8080-exec-6] lms.dao.repository.UserRepo.findByUser В базі знайдено користувача: 	User{id=1, login='vlirm', password='123qwe', email='vlirm@yahoo.com', date_registered='2017-08-17', sex='null', date_birth='null', block=0, firstname='null', secondname='null', contry='null', city='null'}
18-Aug-2017 15:10:08.242 INFO [http-nio-8080-exec-7] lms.controllers.ServletBoard.doGet pathInfo:	/view
18-Aug-2017 15:10:08.242 INFO [http-nio-8080-exec-7] lms.controllers.ServletBoard.doGet pathInfo:	/view
18-Aug-2017 15:10:08.459 INFO [http-nio-8080-exec-8] lms.controllers.ServletDispatcher.doGet pathInfo:	/favicon.ico
18-Aug-2017 15:10:08.459 INFO [http-nio-8080-exec-8] lms.controllers.ServletDispatcher.doGet pathInfo:	/favicon.ico
18-Aug-2017 15:10:08.470 INFO [http-nio-8080-exec-9] lms.controllers.ServletDispatcher.doGet pathInfo:	/
18-Aug-2017 15:10:08.470 INFO [http-nio-8080-exec-9] lms.controllers.ServletDispatcher.doGet pathInfo:	/
18-Aug-2017 15:10:08.476 INFO [http-nio-8080-exec-10] lms.controllers.ServletBoard.doGet pathInfo:	/view
18-Aug-2017 15:10:08.476 INFO [http-nio-8080-exec-10] lms.controllers.ServletBoard.doGet pathInfo:	/view
18-Aug-2017 15:10:12.865 INFO [http-nio-8080-exec-1] lms.controllers.ServletDispatcher.doGet pathInfo:	/profile-edit
18-Aug-2017 15:10:12.865 INFO [http-nio-8080-exec-1] lms.controllers.ServletDispatcher.doGet pathInfo:	/profile-edit
18-Aug-2017 15:10:12.876 INFO [http-nio-8080-exec-1] lms.dao.repository.UserRepo.findByUser В базі знайдено користувача: 	User{id=1, login='vlirm', password='123qwe', email='vlirm@yahoo.com', date_registered='2017-08-17', sex='null', date_birth='null', block=0, firstname='null', secondname='null', contry='null', city='null'}
18-Aug-2017 15:10:12.876 INFO [http-nio-8080-exec-1] lms.dao.repository.UserRepo.findByUser В базі знайдено користувача: 	User{id=1, login='vlirm', password='123qwe', email='vlirm@yahoo.com', date_registered='2017-08-17', sex='null', date_birth='null', block=0, firstname='null', secondname='null', contry='null', city='null'}
18-Aug-2017 15:10:12.985 INFO [http-nio-8080-exec-2] lms.controllers.ServletDispatcher.doGet pathInfo:	/favicon.ico
18-Aug-2017 15:10:12.985 INFO [http-nio-8080-exec-2] lms.controllers.ServletDispatcher.doGet pathInfo:	/favicon.ico
18-Aug-2017 15:10:13.021 INFO [http-nio-8080-exec-3] lms.controllers.ServletDispatcher.doGet pathInfo:	/
18-Aug-2017 15:10:13.021 INFO [http-nio-8080-exec-3] lms.controllers.ServletDispatcher.doGet pathInfo:	/
18-Aug-2017 15:10:13.027 INFO [http-nio-8080-exec-4] lms.controllers.ServletBoard.doGet pathInfo:	/view
18-Aug-2017 15:10:13.027 INFO [http-nio-8080-exec-4] lms.controllers.ServletBoard.doGet pathInfo:	/view
18-Aug-2017 15:10:14.714 INFO [ContainerBackgroundProcessor[StandardEngine[Catalina]]] org.apache.catalina.startup.HostConfig.deployDirectory Deploying web application directory [C:\Program Files\Apache Software Foundation\apache-tomcat-9.0.0.M22\webapps\manager]
18-Aug-2017 15:10:14.774 INFO [ContainerBackgroundProcessor[StandardEngine[Catalina]]] org.apache.catalina.startup.HostConfig.deployDirectory Deployment of web application directory [C:\Program Files\Apache Software Foundation\apache-tomcat-9.0.0.M22\webapps\manager] has finished in [60] ms
18-Aug-2017 15:10:26.413 INFO [http-nio-8080-exec-10] lms.controllers.ServletBoard.doGet pathInfo:	/view
18-Aug-2017 15:10:26.413 INFO [http-nio-8080-exec-10] lms.controllers.ServletBoard.doGet pathInfo:	/view
18-Aug-2017 15:10:26.561 INFO [http-nio-8080-exec-1] lms.controllers.ServletDispatcher.doGet pathInfo:	/favicon.ico
18-Aug-2017 15:10:26.561 INFO [http-nio-8080-exec-1] lms.controllers.ServletDispatcher.doGet pathInfo:	/favicon.ico
18-Aug-2017 15:10:26.596 INFO [http-nio-8080-exec-2] lms.controllers.ServletDispatcher.doGet pathInfo:	/
18-Aug-2017 15:10:26.596 INFO [http-nio-8080-exec-2] lms.controllers.ServletDispatcher.doGet pathInfo:	/
18-Aug-2017 15:10:26.602 INFO [http-nio-8080-exec-3] lms.controllers.ServletBoard.doGet pathInfo:	/view
18-Aug-2017 15:10:26.602 INFO [http-nio-8080-exec-3] lms.controllers.ServletBoard.doGet pathInfo:	/view
18-Aug-2017 15:10:27.623 INFO [http-nio-8080-exec-4] lms.controllers.ServletList.doPost pathInfo:	/
18-Aug-2017 15:10:27.623 INFO [http-nio-8080-exec-4] lms.controllers.ServletList.doPost pathInfo:	/
18-Aug-2017 15:10:27.632 INFO [http-nio-8080-exec-6] lms.controllers.ServletList.doGet pathInfo:	/view
18-Aug-2017 15:10:27.632 INFO [http-nio-8080-exec-6] lms.controllers.ServletList.doGet pathInfo:	/view
18-Aug-2017 15:10:27.765 INFO [http-nio-8080-exec-7] lms.controllers.ServletDispatcher.doGet pathInfo:	/favicon.ico
18-Aug-2017 15:10:27.765 INFO [http-nio-8080-exec-7] lms.controllers.ServletDispatcher.doGet pathInfo:	/favicon.ico
18-Aug-2017 15:10:27.790 INFO [http-nio-8080-exec-5] lms.controllers.ServletDispatcher.doGet pathInfo:	/
18-Aug-2017 15:10:27.790 INFO [http-nio-8080-exec-5] lms.controllers.ServletDispatcher.doGet pathInfo:	/
18-Aug-2017 15:10:27.795 INFO [http-nio-8080-exec-8] lms.controllers.ServletBoard.doGet pathInfo:	/view
18-Aug-2017 15:10:27.795 INFO [http-nio-8080-exec-8] lms.controllers.ServletBoard.doGet pathInfo:	/view
18-Aug-2017 15:11:11.580 INFO [http-nio-8080-exec-10] lms.controllers.ServletDispatcher.doGet pathInfo:	/
18-Aug-2017 15:11:11.580 INFO [http-nio-8080-exec-10] lms.controllers.ServletDispatcher.doGet pathInfo:	/
18-Aug-2017 15:11:11.591 INFO [http-nio-8080-exec-1] lms.controllers.ServletBoard.doGet pathInfo:	/view
18-Aug-2017 15:11:11.591 INFO [http-nio-8080-exec-1] lms.controllers.ServletBoard.doGet pathInfo:	/view
18-Aug-2017 15:11:11.752 INFO [http-nio-8080-exec-2] lms.controllers.ServletDispatcher.doGet pathInfo:	/favicon.ico
18-Aug-2017 15:11:11.752 INFO [http-nio-8080-exec-2] lms.controllers.ServletDispatcher.doGet pathInfo:	/favicon.ico
18-Aug-2017 15:11:11.779 INFO [http-nio-8080-exec-3] lms.controllers.ServletDispatcher.doGet pathInfo:	/
18-Aug-2017 15:11:11.779 INFO [http-nio-8080-exec-3] lms.controllers.ServletDispatcher.doGet pathInfo:	/
18-Aug-2017 15:11:11.784 INFO [http-nio-8080-exec-4] lms.controllers.ServletBoard.doGet pathInfo:	/view
18-Aug-2017 15:11:11.784 INFO [http-nio-8080-exec-4] lms.controllers.ServletBoard.doGet pathInfo:	/view
18-Aug-2017 15:11:19.797 INFO [http-nio-8080-exec-6] lms.controllers.ServletDispatcher.doGet pathInfo:	/logout
18-Aug-2017 15:11:19.797 INFO [http-nio-8080-exec-6] lms.controllers.ServletDispatcher.doGet pathInfo:	/logout
18-Aug-2017 15:11:19.798 WARNING [http-nio-8080-exec-6] lms.controllers.ServletDispatcher.doGet logged out:	null
18-Aug-2017 15:11:19.798 WARNING [http-nio-8080-exec-6] lms.controllers.ServletDispatcher.doGet logged out:	null
18-Aug-2017 15:11:19.807 INFO [http-nio-8080-exec-7] lms.controllers.ServletDispatcher.doGet pathInfo:	/
18-Aug-2017 15:11:19.807 INFO [http-nio-8080-exec-7] lms.controllers.ServletDispatcher.doGet pathInfo:	/
18-Aug-2017 15:11:20.002 INFO [http-nio-8080-exec-5] lms.controllers.ServletDispatcher.doGet pathInfo:	/favicon.ico
18-Aug-2017 15:11:20.002 INFO [http-nio-8080-exec-5] lms.controllers.ServletDispatcher.doGet pathInfo:	/favicon.ico
18-Aug-2017 15:11:20.019 INFO [http-nio-8080-exec-8] lms.controllers.ServletDispatcher.doGet pathInfo:	/
18-Aug-2017 15:11:20.019 INFO [http-nio-8080-exec-8] lms.controllers.ServletDispatcher.doGet pathInfo:	/
18-Aug-2017 15:11:34.331 INFO [http-nio-8080-exec-9] lms.controllers.ServletDispatcher.doGet pathInfo:	/favicon.ico
18-Aug-2017 15:11:34.331 INFO [http-nio-8080-exec-9] lms.controllers.ServletDispatcher.doGet pathInfo:	/favicon.ico
18-Aug-2017 15:11:34.338 INFO [http-nio-8080-exec-10] lms.controllers.ServletDispatcher.doGet pathInfo:	/
18-Aug-2017 15:11:34.338 INFO [http-nio-8080-exec-10] lms.controllers.ServletDispatcher.doGet pathInfo:	/
18-Aug-2017 15:12:08.399 INFO [http-nio-8080-exec-5] lms.controllers.ServletDispatcher.doGet pathInfo:	/favicon.ico
18-Aug-2017 15:12:08.399 INFO [http-nio-8080-exec-5] lms.controllers.ServletDispatcher.doGet pathInfo:	/favicon.ico
18-Aug-2017 15:12:08.425 INFO [http-nio-8080-exec-8] lms.controllers.ServletDispatcher.doGet pathInfo:	/
18-Aug-2017 15:12:08.425 INFO [http-nio-8080-exec-8] lms.controllers.ServletDispatcher.doGet pathInfo:	/
18-Aug-2017 15:12:16.792 INFO [http-nio-8080-exec-10] lms.controllers.ServletDispatcher.doGet pathInfo:	/favicon.ico
18-Aug-2017 15:12:16.792 INFO [http-nio-8080-exec-10] lms.controllers.ServletDispatcher.doGet pathInfo:	/favicon.ico
18-Aug-2017 15:12:16.842 INFO [http-nio-8080-exec-1] lms.controllers.ServletDispatcher.doGet pathInfo:	/
18-Aug-2017 15:12:16.842 INFO [http-nio-8080-exec-1] lms.controllers.ServletDispatcher.doGet pathInfo:	/
18-Aug-2017 15:12:31.804 INFO [http-nio-8080-exec-5] lms.controllers.ServletDispatcher.doGet pathInfo:	/
18-Aug-2017 15:12:31.804 INFO [http-nio-8080-exec-5] lms.controllers.ServletDispatcher.doGet pathInfo:	/
18-Aug-2017 15:12:32.019 INFO [http-nio-8080-exec-8] lms.controllers.ServletDispatcher.doGet pathInfo:	/favicon.ico
18-Aug-2017 15:12:32.019 INFO [http-nio-8080-exec-8] lms.controllers.ServletDispatcher.doGet pathInfo:	/favicon.ico
18-Aug-2017 15:12:32.028 INFO [http-nio-8080-exec-9] lms.controllers.ServletDispatcher.doGet pathInfo:	/
18-Aug-2017 15:12:32.028 INFO [http-nio-8080-exec-9] lms.controllers.ServletDispatcher.doGet pathInfo:	/
18-Aug-2017 15:12:36.202 INFO [http-nio-8080-exec-10] lms.controllers.ServletDispatcher.doPost pathInfo:	/login
18-Aug-2017 15:12:36.202 INFO [http-nio-8080-exec-10] lms.controllers.ServletDispatcher.doPost pathInfo:	/login
18-Aug-2017 15:12:36.215 INFO [http-nio-8080-exec-10] lms.dao.repository.UserRepo.findByUser В базі знайдено користувача: 	User{id=1, login='vlirm', password='123qwe', email='vlirm@yahoo.com', date_registered='2017-08-17', sex='null', date_birth='null', block=0, firstname='null', secondname='null', contry='null', city='null'}
18-Aug-2017 15:12:36.215 INFO [http-nio-8080-exec-10] lms.dao.repository.UserRepo.findByUser В базі знайдено користувача: 	User{id=1, login='vlirm', password='123qwe', email='vlirm@yahoo.com', date_registered='2017-08-17', sex='null', date_birth='null', block=0, firstname='null', secondname='null', contry='null', city='null'}
18-Aug-2017 15:12:36.221 INFO [http-nio-8080-exec-1] lms.controllers.ServletBoard.doGet pathInfo:	/view
18-Aug-2017 15:12:36.221 INFO [http-nio-8080-exec-1] lms.controllers.ServletBoard.doGet pathInfo:	/view
18-Aug-2017 15:12:36.316 INFO [http-nio-8080-exec-2] lms.controllers.ServletDispatcher.doGet pathInfo:	/favicon.ico
18-Aug-2017 15:12:36.316 INFO [http-nio-8080-exec-2] lms.controllers.ServletDispatcher.doGet pathInfo:	/favicon.ico
18-Aug-2017 15:12:36.349 INFO [http-nio-8080-exec-3] lms.controllers.ServletDispatcher.doGet pathInfo:	/
18-Aug-2017 15:12:36.349 INFO [http-nio-8080-exec-3] lms.controllers.ServletDispatcher.doGet pathInfo:	/
18-Aug-2017 15:12:36.353 INFO [http-nio-8080-exec-7] lms.controllers.ServletBoard.doGet pathInfo:	/view
18-Aug-2017 15:12:36.353 INFO [http-nio-8080-exec-7] lms.controllers.ServletBoard.doGet pathInfo:	/view
18-Aug-2017 15:12:45.754 INFO [http-nio-8080-exec-10] lms.controllers.ServletDispatcher.doGet pathInfo:	/profile-edit
18-Aug-2017 15:12:45.754 INFO [http-nio-8080-exec-10] lms.controllers.ServletDispatcher.doGet pathInfo:	/profile-edit
18-Aug-2017 15:12:45.765 INFO [http-nio-8080-exec-10] lms.dao.repository.UserRepo.findByUser В базі знайдено користувача: 	User{id=1, login='vlirm', password='123qwe', email='vlirm@yahoo.com', date_registered='2017-08-17', sex='null', date_birth='null', block=0, firstname='null', secondname='null', contry='null', city='null'}
18-Aug-2017 15:12:45.765 INFO [http-nio-8080-exec-10] lms.dao.repository.UserRepo.findByUser В базі знайдено користувача: 	User{id=1, login='vlirm', password='123qwe', email='vlirm@yahoo.com', date_registered='2017-08-17', sex='null', date_birth='null', block=0, firstname='null', secondname='null', contry='null', city='null'}
18-Aug-2017 15:12:45.915 INFO [http-nio-8080-exec-1] lms.controllers.ServletDispatcher.doGet pathInfo:	/favicon.ico
18-Aug-2017 15:12:45.915 INFO [http-nio-8080-exec-1] lms.controllers.ServletDispatcher.doGet pathInfo:	/favicon.ico
18-Aug-2017 15:12:45.944 INFO [http-nio-8080-exec-2] lms.controllers.ServletDispatcher.doGet pathInfo:	/
18-Aug-2017 15:12:45.944 INFO [http-nio-8080-exec-2] lms.controllers.ServletDispatcher.doGet pathInfo:	/
18-Aug-2017 15:12:45.949 INFO [http-nio-8080-exec-3] lms.controllers.ServletBoard.doGet pathInfo:	/view
18-Aug-2017 15:12:45.949 INFO [http-nio-8080-exec-3] lms.controllers.ServletBoard.doGet pathInfo:	/view
18-Aug-2017 15:12:56.753 INFO [http-nio-8080-exec-7] lms.controllers.ServletDispatcher.doGet pathInfo:	/favicon.ico
18-Aug-2017 15:12:56.753 INFO [http-nio-8080-exec-7] lms.controllers.ServletDispatcher.doGet pathInfo:	/favicon.ico
18-Aug-2017 15:12:56.762 INFO [http-nio-8080-exec-9] lms.controllers.ServletDispatcher.doGet pathInfo:	/
18-Aug-2017 15:12:56.762 INFO [http-nio-8080-exec-9] lms.controllers.ServletDispatcher.doGet pathInfo:	/
18-Aug-2017 15:12:56.776 INFO [http-nio-8080-exec-4] lms.controllers.ServletBoard.doGet pathInfo:	/view
18-Aug-2017 15:12:56.776 INFO [http-nio-8080-exec-4] lms.controllers.ServletBoard.doGet pathInfo:	/view
18-Aug-2017 15:13:20.985 INFO [http-nio-8080-exec-6] lms.controllers.ServletDispatcher.doGet pathInfo:	/favicon.ico
18-Aug-2017 15:13:20.985 INFO [http-nio-8080-exec-6] lms.controllers.ServletDispatcher.doGet pathInfo:	/favicon.ico
18-Aug-2017 15:13:20.992 INFO [http-nio-8080-exec-5] lms.controllers.ServletDispatcher.doGet pathInfo:	/
18-Aug-2017 15:13:20.992 INFO [http-nio-8080-exec-5] lms.controllers.ServletDispatcher.doGet pathInfo:	/
18-Aug-2017 15:13:20.999 INFO [http-nio-8080-exec-10] lms.controllers.ServletBoard.doGet pathInfo:	/view
18-Aug-2017 15:13:20.999 INFO [http-nio-8080-exec-10] lms.controllers.ServletBoard.doGet pathInfo:	/view
18-Aug-2017 15:13:22.838 INFO [http-nio-8080-exec-1] lms.controllers.ServletDispatcher.doGet pathInfo:	/favicon.ico
18-Aug-2017 15:13:22.838 INFO [http-nio-8080-exec-1] lms.controllers.ServletDispatcher.doGet pathInfo:	/favicon.ico
18-Aug-2017 15:13:22.843 INFO [http-nio-8080-exec-2] lms.controllers.ServletDispatcher.doGet pathInfo:	/
18-Aug-2017 15:13:22.843 INFO [http-nio-8080-exec-2] lms.controllers.ServletDispatcher.doGet pathInfo:	/
18-Aug-2017 15:13:22.850 INFO [http-nio-8080-exec-3] lms.controllers.ServletBoard.doGet pathInfo:	/view
18-Aug-2017 15:13:22.850 INFO [http-nio-8080-exec-3] lms.controllers.ServletBoard.doGet pathInfo:	/view
18-Aug-2017 15:13:35.659 INFO [http-nio-8080-exec-6] lms.controllers.ServletDispatcher.doGet pathInfo:	/profile-edit
18-Aug-2017 15:13:35.659 INFO [http-nio-8080-exec-6] lms.controllers.ServletDispatcher.doGet pathInfo:	/profile-edit
18-Aug-2017 15:13:35.670 INFO [http-nio-8080-exec-6] lms.dao.repository.UserRepo.findByUser В базі знайдено користувача: 	User{id=1, login='vlirm', password='123qwe', email='vlirm@yahoo.com', date_registered='2017-08-17', sex='null', date_birth='null', block=0, firstname='null', secondname='null', contry='null', city='null'}
18-Aug-2017 15:13:35.670 INFO [http-nio-8080-exec-6] lms.dao.repository.UserRepo.findByUser В базі знайдено користувача: 	User{id=1, login='vlirm', password='123qwe', email='vlirm@yahoo.com', date_registered='2017-08-17', sex='null', date_birth='null', block=0, firstname='null', secondname='null', contry='null', city='null'}
18-Aug-2017 15:13:35.790 INFO [http-nio-8080-exec-5] lms.controllers.ServletDispatcher.doGet pathInfo:	/favicon.ico
18-Aug-2017 15:13:35.790 INFO [http-nio-8080-exec-5] lms.controllers.ServletDispatcher.doGet pathInfo:	/favicon.ico
18-Aug-2017 15:13:35.828 INFO [http-nio-8080-exec-10] lms.controllers.ServletDispatcher.doGet pathInfo:	/
18-Aug-2017 15:13:35.828 INFO [http-nio-8080-exec-10] lms.controllers.ServletDispatcher.doGet pathInfo:	/
18-Aug-2017 15:13:35.836 INFO [http-nio-8080-exec-1] lms.controllers.ServletBoard.doGet pathInfo:	/view
18-Aug-2017 15:13:35.836 INFO [http-nio-8080-exec-1] lms.controllers.ServletBoard.doGet pathInfo:	/view
18-Aug-2017 15:14:04.501 WARNING [RMI TCP Connection(11)-127.0.0.1] org.apache.catalina.loader.WebappClassLoaderBase.clearReferencesJdbc The web application [ROOT] registered the JDBC driver [com.mysql.jdbc.Driver] but failed to unregister it when the web application was stopped. To prevent a memory leak, the JDBC Driver has been forcibly unregistered.
18-Aug-2017 15:14:04.502 WARNING [RMI TCP Connection(11)-127.0.0.1] org.apache.catalina.loader.WebappClassLoaderBase.clearReferencesThreads The web application [ROOT] appears to have started a thread named [MySQL Statement Cancellation Timer] but has failed to stop it. This is very likely to create a memory leak. Stack trace of thread:
 java.lang.Object.wait(Native Method)
 java.lang.Object.wait(Object.java:502)
 java.util.TimerThread.mainLoop(Timer.java:526)
 java.util.TimerThread.run(Timer.java:505)
18-Aug-2017 15:14:08.734 INFO [http-nio-8080-exec-1] lms.controllers.ServletDispatcher.doGet pathInfo:	/
18-Aug-2017 15:14:08.734 INFO [http-nio-8080-exec-1] lms.controllers.ServletDispatcher.doGet pathInfo:	/
18-Aug-2017 15:14:09.022 INFO [http-nio-8080-exec-8] lms.controllers.ServletDispatcher.doGet pathInfo:	/favicon.ico
18-Aug-2017 15:14:09.022 INFO [http-nio-8080-exec-8] lms.controllers.ServletDispatcher.doGet pathInfo:	/favicon.ico
18-Aug-2017 15:14:09.034 INFO [http-nio-8080-exec-9] lms.controllers.ServletDispatcher.doGet pathInfo:	/
18-Aug-2017 15:14:09.034 INFO [http-nio-8080-exec-9] lms.controllers.ServletDispatcher.doGet pathInfo:	/
18-Aug-2017 15:14:12.666 INFO [http-nio-8080-exec-4] lms.controllers.ServletDispatcher.doGet pathInfo:	/
18-Aug-2017 15:14:12.666 INFO [http-nio-8080-exec-4] lms.controllers.ServletDispatcher.doGet pathInfo:	/
18-Aug-2017 15:14:12.902 INFO [http-nio-8080-exec-5] lms.controllers.ServletDispatcher.doGet pathInfo:	/favicon.ico
18-Aug-2017 15:14:12.902 INFO [http-nio-8080-exec-5] lms.controllers.ServletDispatcher.doGet pathInfo:	/favicon.ico
18-Aug-2017 15:14:12.919 INFO [http-nio-8080-exec-3] lms.controllers.ServletDispatcher.doGet pathInfo:	/
18-Aug-2017 15:14:12.919 INFO [http-nio-8080-exec-3] lms.controllers.ServletDispatcher.doGet pathInfo:	/
18-Aug-2017 15:18:26.945 INFO [http-nio-8080-exec-20] lms.controllers.ServletDispatcher.doGet pathInfo:	/
18-Aug-2017 15:18:26.945 INFO [http-nio-8080-exec-20] lms.controllers.ServletDispatcher.doGet pathInfo:	/
18-Aug-2017 15:18:27.166 INFO [http-nio-8080-exec-11] lms.controllers.ServletDispatcher.doGet pathInfo:	/favicon.ico
18-Aug-2017 15:18:27.166 INFO [http-nio-8080-exec-11] lms.controllers.ServletDispatcher.doGet pathInfo:	/favicon.ico
18-Aug-2017 15:18:27.177 INFO [http-nio-8080-exec-12] lms.controllers.ServletDispatcher.doGet pathInfo:	/
18-Aug-2017 15:18:27.177 INFO [http-nio-8080-exec-12] lms.controllers.ServletDispatcher.doGet pathInfo:	/
18-Aug-2017 15:18:35.544 INFO [http-nio-8080-exec-19] lms.controllers.ServletDispatcher.doPost pathInfo:	/login
18-Aug-2017 15:18:35.544 INFO [http-nio-8080-exec-19] lms.controllers.ServletDispatcher.doPost pathInfo:	/login
18-Aug-2017 15:18:35.760 INFO [http-nio-8080-exec-19] lms.dao.repository.UserRepo.findByUser В базі знайдено користувача: 	User{id=1, login='vlirm', password='123qwe', email='vlirm@yahoo.com', date_registered='2017-08-17', sex='null', date_birth='null', block=0, firstname='null', secondname='null', contry='null', city='null'}
18-Aug-2017 15:18:35.760 INFO [http-nio-8080-exec-19] lms.dao.repository.UserRepo.findByUser В базі знайдено користувача: 	User{id=1, login='vlirm', password='123qwe', email='vlirm@yahoo.com', date_registered='2017-08-17', sex='null', date_birth='null', block=0, firstname='null', secondname='null', contry='null', city='null'}
18-Aug-2017 15:18:35.770 INFO [http-nio-8080-exec-13] lms.controllers.ServletBoard.doGet pathInfo:	/view
18-Aug-2017 15:18:35.770 INFO [http-nio-8080-exec-13] lms.controllers.ServletBoard.doGet pathInfo:	/view
18-Aug-2017 15:18:35.898 INFO [http-nio-8080-exec-16] lms.controllers.ServletDispatcher.doGet pathInfo:	/favicon.ico
18-Aug-2017 15:18:35.898 INFO [http-nio-8080-exec-16] lms.controllers.ServletDispatcher.doGet pathInfo:	/favicon.ico
18-Aug-2017 15:18:35.925 INFO [http-nio-8080-exec-18] lms.controllers.ServletDispatcher.doGet pathInfo:	/
18-Aug-2017 15:18:35.925 INFO [http-nio-8080-exec-18] lms.controllers.ServletDispatcher.doGet pathInfo:	/
18-Aug-2017 15:18:35.938 INFO [http-nio-8080-exec-15] lms.controllers.ServletBoard.doGet pathInfo:	/view
18-Aug-2017 15:18:35.938 INFO [http-nio-8080-exec-15] lms.controllers.ServletBoard.doGet pathInfo:	/view
18-Aug-2017 15:18:41.487 INFO [http-nio-8080-exec-14] lms.controllers.ServletDispatcher.doGet pathInfo:	/profile-edit
18-Aug-2017 15:18:41.487 INFO [http-nio-8080-exec-14] lms.controllers.ServletDispatcher.doGet pathInfo:	/profile-edit
18-Aug-2017 15:18:41.499 INFO [http-nio-8080-exec-14] lms.dao.repository.UserRepo.findByUser В базі знайдено користувача: 	User{id=1, login='vlirm', password='123qwe', email='vlirm@yahoo.com', date_registered='2017-08-17', sex='null', date_birth='null', block=0, firstname='null', secondname='null', contry='null', city='null'}
18-Aug-2017 15:18:41.499 INFO [http-nio-8080-exec-14] lms.dao.repository.UserRepo.findByUser В базі знайдено користувача: 	User{id=1, login='vlirm', password='123qwe', email='vlirm@yahoo.com', date_registered='2017-08-17', sex='null', date_birth='null', block=0, firstname='null', secondname='null', contry='null', city='null'}
18-Aug-2017 15:18:41.606 INFO [http-nio-8080-exec-12] lms.controllers.ServletDispatcher.doGet pathInfo:	/favicon.ico
18-Aug-2017 15:18:41.606 INFO [http-nio-8080-exec-12] lms.controllers.ServletDispatcher.doGet pathInfo:	/favicon.ico
18-Aug-2017 15:18:41.632 INFO [http-nio-8080-exec-22] lms.controllers.ServletDispatcher.doGet pathInfo:	/
18-Aug-2017 15:18:41.632 INFO [http-nio-8080-exec-22] lms.controllers.ServletDispatcher.doGet pathInfo:	/
18-Aug-2017 15:18:41.638 INFO [http-nio-8080-exec-13] lms.controllers.ServletBoard.doGet pathInfo:	/view
18-Aug-2017 15:18:41.638 INFO [http-nio-8080-exec-13] lms.controllers.ServletBoard.doGet pathInfo:	/view
18-Aug-2017 15:18:54.740 INFO [http-nio-8080-exec-17] lms.controllers.ServletDispatcher.doGet pathInfo:	/profile-edit
18-Aug-2017 15:18:54.740 INFO [http-nio-8080-exec-17] lms.controllers.ServletDispatcher.doGet pathInfo:	/profile-edit
18-Aug-2017 15:18:54.749 INFO [http-nio-8080-exec-17] lms.dao.repository.UserRepo.findByUser В базі знайдено користувача: 	User{id=1, login='vlirm', password='123qwe', email='vlirm@yahoo.com', date_registered='2017-08-17', sex='null', date_birth='null', block=0, firstname='null', secondname='null', contry='null', city='null'}
18-Aug-2017 15:18:54.749 INFO [http-nio-8080-exec-17] lms.dao.repository.UserRepo.findByUser В базі знайдено користувача: 	User{id=1, login='vlirm', password='123qwe', email='vlirm@yahoo.com', date_registered='2017-08-17', sex='null', date_birth='null', block=0, firstname='null', secondname='null', contry='null', city='null'}
18-Aug-2017 15:18:54.898 INFO [http-nio-8080-exec-18] lms.controllers.ServletDispatcher.doGet pathInfo:	/favicon.ico
18-Aug-2017 15:18:54.898 INFO [http-nio-8080-exec-18] lms.controllers.ServletDispatcher.doGet pathInfo:	/favicon.ico
18-Aug-2017 15:18:54.922 INFO [http-nio-8080-exec-15] lms.controllers.ServletDispatcher.doGet pathInfo:	/
18-Aug-2017 15:18:54.922 INFO [http-nio-8080-exec-15] lms.controllers.ServletDispatcher.doGet pathInfo:	/
18-Aug-2017 15:18:54.927 INFO [http-nio-8080-exec-21] lms.controllers.ServletBoard.doGet pathInfo:	/view
18-Aug-2017 15:18:54.927 INFO [http-nio-8080-exec-21] lms.controllers.ServletBoard.doGet pathInfo:	/view
18-Aug-2017 15:18:58.426 INFO [http-nio-8080-exec-23] lms.controllers.ServletDispatcher.doGet pathInfo:	/logout
18-Aug-2017 15:18:58.426 INFO [http-nio-8080-exec-23] lms.controllers.ServletDispatcher.doGet pathInfo:	/logout
18-Aug-2017 15:18:58.427 WARNING [http-nio-8080-exec-23] lms.controllers.ServletDispatcher.doGet logged out:	null
18-Aug-2017 15:18:58.427 WARNING [http-nio-8080-exec-23] lms.controllers.ServletDispatcher.doGet logged out:	null
18-Aug-2017 15:18:58.435 INFO [http-nio-8080-exec-11] lms.controllers.ServletDispatcher.doGet pathInfo:	/
18-Aug-2017 15:18:58.435 INFO [http-nio-8080-exec-11] lms.controllers.ServletDispatcher.doGet pathInfo:	/
18-Aug-2017 15:18:58.569 INFO [http-nio-8080-exec-12] lms.controllers.ServletDispatcher.doGet pathInfo:	/favicon.ico
18-Aug-2017 15:18:58.569 INFO [http-nio-8080-exec-12] lms.controllers.ServletDispatcher.doGet pathInfo:	/favicon.ico
18-Aug-2017 15:18:58.578 INFO [http-nio-8080-exec-22] lms.controllers.ServletDispatcher.doGet pathInfo:	/
18-Aug-2017 15:18:58.578 INFO [http-nio-8080-exec-22] lms.controllers.ServletDispatcher.doGet pathInfo:	/
18-Aug-2017 15:19:16.272 WARNING [RMI TCP Connection(24)-127.0.0.1] org.apache.catalina.loader.WebappClassLoaderBase.clearReferencesJdbc The web application [ROOT] registered the JDBC driver [com.mysql.jdbc.Driver] but failed to unregister it when the web application was stopped. To prevent a memory leak, the JDBC Driver has been forcibly unregistered.
18-Aug-2017 15:19:16.273 WARNING [RMI TCP Connection(24)-127.0.0.1] org.apache.catalina.loader.WebappClassLoaderBase.clearReferencesThreads The web application [ROOT] appears to have started a thread named [MySQL Statement Cancellation Timer] but has failed to stop it. This is very likely to create a memory leak. Stack trace of thread:
 java.lang.Object.wait(Native Method)
 java.lang.Object.wait(Object.java:502)
 java.util.TimerThread.mainLoop(Timer.java:526)
 java.util.TimerThread.run(Timer.java:505)
18-Aug-2017 15:19:21.140 INFO [http-nio-8080-exec-24] lms.controllers.ServletDispatcher.doGet pathInfo:	/
18-Aug-2017 15:19:21.140 INFO [http-nio-8080-exec-24] lms.controllers.ServletDispatcher.doGet pathInfo:	/
18-Aug-2017 15:19:21.337 INFO [http-nio-8080-exec-16] lms.controllers.ServletDispatcher.doGet pathInfo:	/favicon.ico
18-Aug-2017 15:19:21.337 INFO [http-nio-8080-exec-16] lms.controllers.ServletDispatcher.doGet pathInfo:	/favicon.ico
18-Aug-2017 15:19:21.342 INFO [http-nio-8080-exec-18] lms.controllers.ServletDispatcher.doGet pathInfo:	/
18-Aug-2017 15:19:21.342 INFO [http-nio-8080-exec-18] lms.controllers.ServletDispatcher.doGet pathInfo:	/
18-Aug-2017 15:19:51.368 INFO [http-nio-8080-exec-18] lms.controllers.ServletDispatcher.doGet pathInfo:	/
18-Aug-2017 15:19:51.368 INFO [http-nio-8080-exec-18] lms.controllers.ServletDispatcher.doGet pathInfo:	/
18-Aug-2017 15:19:51.583 INFO [http-nio-8080-exec-28] lms.controllers.ServletDispatcher.doGet pathInfo:	/favicon.ico
18-Aug-2017 15:19:51.583 INFO [http-nio-8080-exec-28] lms.controllers.ServletDispatcher.doGet pathInfo:	/favicon.ico
18-Aug-2017 15:19:51.590 INFO [http-nio-8080-exec-25] lms.controllers.ServletDispatcher.doGet pathInfo:	/
18-Aug-2017 15:19:51.590 INFO [http-nio-8080-exec-25] lms.controllers.ServletDispatcher.doGet pathInfo:	/
18-Aug-2017 15:19:55.084 INFO [http-nio-8080-exec-23] lms.controllers.ServletDispatcher.doPost pathInfo:	/login
18-Aug-2017 15:19:55.084 INFO [http-nio-8080-exec-23] lms.controllers.ServletDispatcher.doPost pathInfo:	/login
18-Aug-2017 15:19:55.305 INFO [http-nio-8080-exec-23] lms.dao.repository.UserRepo.findByUser В базі знайдено користувача: 	User{id=1, login='vlirm', password='123qwe', email='vlirm@yahoo.com', date_registered='2017-08-17', sex='null', date_birth='null', block=0, firstname='null', secondname='null', contry='null', city='null'}
18-Aug-2017 15:19:55.305 INFO [http-nio-8080-exec-23] lms.dao.repository.UserRepo.findByUser В базі знайдено користувача: 	User{id=1, login='vlirm', password='123qwe', email='vlirm@yahoo.com', date_registered='2017-08-17', sex='null', date_birth='null', block=0, firstname='null', secondname='null', contry='null', city='null'}
18-Aug-2017 15:19:55.317 INFO [http-nio-8080-exec-13] lms.controllers.ServletBoard.doGet pathInfo:	/view
18-Aug-2017 15:19:55.317 INFO [http-nio-8080-exec-13] lms.controllers.ServletBoard.doGet pathInfo:	/view
18-Aug-2017 15:19:55.442 INFO [http-nio-8080-exec-16] lms.controllers.ServletDispatcher.doGet pathInfo:	/favicon.ico
18-Aug-2017 15:19:55.442 INFO [http-nio-8080-exec-16] lms.controllers.ServletDispatcher.doGet pathInfo:	/favicon.ico
18-Aug-2017 15:19:55.467 INFO [http-nio-8080-exec-22] lms.controllers.ServletDispatcher.doGet pathInfo:	/
18-Aug-2017 15:19:55.467 INFO [http-nio-8080-exec-22] lms.controllers.ServletDispatcher.doGet pathInfo:	/
18-Aug-2017 15:19:55.471 INFO [http-nio-8080-exec-15] lms.controllers.ServletBoard.doGet pathInfo:	/view
18-Aug-2017 15:19:55.471 INFO [http-nio-8080-exec-15] lms.controllers.ServletBoard.doGet pathInfo:	/view
18-Aug-2017 15:19:59.388 INFO [http-nio-8080-exec-29] lms.controllers.ServletDispatcher.doGet pathInfo:	/profile-edit
18-Aug-2017 15:19:59.388 INFO [http-nio-8080-exec-29] lms.controllers.ServletDispatcher.doGet pathInfo:	/profile-edit
18-Aug-2017 15:19:59.398 INFO [http-nio-8080-exec-29] lms.dao.repository.UserRepo.findByUser В базі знайдено користувача: 	User{id=1, login='vlirm', password='123qwe', email='vlirm@yahoo.com', date_registered='2017-08-17', sex='null', date_birth='null', block=0, firstname='null', secondname='null', contry='null', city='null'}
18-Aug-2017 15:19:59.398 INFO [http-nio-8080-exec-29] lms.dao.repository.UserRepo.findByUser В базі знайдено користувача: 	User{id=1, login='vlirm', password='123qwe', email='vlirm@yahoo.com', date_registered='2017-08-17', sex='null', date_birth='null', block=0, firstname='null', secondname='null', contry='null', city='null'}
18-Aug-2017 15:19:59.511 INFO [http-nio-8080-exec-28] lms.controllers.ServletDispatcher.doGet pathInfo:	/favicon.ico
18-Aug-2017 15:19:59.511 INFO [http-nio-8080-exec-28] lms.controllers.ServletDispatcher.doGet pathInfo:	/favicon.ico
18-Aug-2017 15:19:59.539 INFO [http-nio-8080-exec-25] lms.controllers.ServletDispatcher.doGet pathInfo:	/
18-Aug-2017 15:19:59.539 INFO [http-nio-8080-exec-25] lms.controllers.ServletDispatcher.doGet pathInfo:	/
18-Aug-2017 15:19:59.544 INFO [http-nio-8080-exec-30] lms.controllers.ServletBoard.doGet pathInfo:	/view
18-Aug-2017 15:19:59.544 INFO [http-nio-8080-exec-30] lms.controllers.ServletBoard.doGet pathInfo:	/view
18-Aug-2017 15:20:07.223 INFO [http-nio-8080-exec-13] lms.controllers.ServletBoard.doGet pathInfo:	/view
18-Aug-2017 15:20:07.223 INFO [http-nio-8080-exec-13] lms.controllers.ServletBoard.doGet pathInfo:	/view
18-Aug-2017 15:20:07.334 INFO [http-nio-8080-exec-16] lms.controllers.ServletDispatcher.doGet pathInfo:	/favicon.ico
18-Aug-2017 15:20:07.334 INFO [http-nio-8080-exec-16] lms.controllers.ServletDispatcher.doGet pathInfo:	/favicon.ico
18-Aug-2017 15:20:07.362 INFO [http-nio-8080-exec-22] lms.controllers.ServletDispatcher.doGet pathInfo:	/
18-Aug-2017 15:20:07.362 INFO [http-nio-8080-exec-22] lms.controllers.ServletDispatcher.doGet pathInfo:	/
18-Aug-2017 15:20:07.366 INFO [http-nio-8080-exec-15] lms.controllers.ServletBoard.doGet pathInfo:	/view
18-Aug-2017 15:20:07.366 INFO [http-nio-8080-exec-15] lms.controllers.ServletBoard.doGet pathInfo:	/view
18-Aug-2017 15:20:13.074 INFO [http-nio-8080-exec-29] lms.controllers.ServletList.doPost pathInfo:	/
18-Aug-2017 15:20:13.074 INFO [http-nio-8080-exec-29] lms.controllers.ServletList.doPost pathInfo:	/
18-Aug-2017 15:20:13.080 INFO [http-nio-8080-exec-31] lms.controllers.ServletList.doGet pathInfo:	/view
18-Aug-2017 15:20:13.080 INFO [http-nio-8080-exec-31] lms.controllers.ServletList.doGet pathInfo:	/view
18-Aug-2017 15:20:13.216 INFO [http-nio-8080-exec-25] lms.controllers.ServletDispatcher.doGet pathInfo:	/favicon.ico
18-Aug-2017 15:20:13.216 INFO [http-nio-8080-exec-25] lms.controllers.ServletDispatcher.doGet pathInfo:	/favicon.ico
18-Aug-2017 15:20:13.243 INFO [http-nio-8080-exec-30] lms.controllers.ServletDispatcher.doGet pathInfo:	/
18-Aug-2017 15:20:13.243 INFO [http-nio-8080-exec-30] lms.controllers.ServletDispatcher.doGet pathInfo:	/
18-Aug-2017 15:20:13.247 INFO [http-nio-8080-exec-32] lms.controllers.ServletBoard.doGet pathInfo:	/view
18-Aug-2017 15:20:13.247 INFO [http-nio-8080-exec-32] lms.controllers.ServletBoard.doGet pathInfo:	/view
